<?xml version="1.0" encoding="UTF-8"?>
<!-- Generated by org.testng.reporters.JUnitReportReporter -->
<testsuite hostname="LAPTOP-KJ6HB5V7" failures="0" tests="1" name="com.hrms.testscripts.TC001" time="22.807" errors="0" timestamp="2021-11-20T21:04:29 IST" skipped="0">
  <testcase classname="com.hrms.testscripts.TC001" name="tc001" time="22.807"/>
  <system-out>
    <![CDATA[Application Opened
Title NOt Matched
OrangeHRM - New Level of HR Management
Login completed
Title NOt Matched
OrangeHRM
New Employee Added
Logout Completed
Application Closed]]>
  </system-out>
</testsuite> <!-- com.hrms.testscripts.TC001 -->
